benchmark_harness run record
record_path=sqlite_page_churn_runs/prefetch_layers/benchmarks/runs/run-20260521-221651-18225.log
db=sqlite_page_churn_runs/prefetch_layers/test_churn.db
workload=generated_workloads/page_churn_benchmark_high.txt
output=sqlite_page_churn_runs/prefetch_layers/benchmarks/ops_baseline-2.csv
cold_advice=none
drop_caches_script=/usr/local/bin/dropcache.sh
drop_caches_use_sudo=true
post_cold_script=/home/yenfu/Desktop/project/sqlite_page_churn_runs/prefetch_layers/benchmarks/post_cold_baseline.sh
sqlite_open_timing=before-cold
schema_init_timing=before-cold
file_size=107851776 sqlite_page_size=4096 sqlite_pages=26331 mmap_size=107851776 workload_ops=100000

resident SQLite pages before madvise: 26331/26331
before madvise resident-page distribution: count=26331 first=1 last=26331 first_1%=264 first_5%=1317 first_10%=2634
before madvise resident range[0]=1-26331
drop_caches_script_result=success
post_cold_script_result=success
resident SQLite pages after madvise:  18/26331
after madvise resident-page distribution: count=18 first=1 last=675 first_1%=16 first_5%=18 first_10%=18
after madvise resident range[0]=1-16
after madvise resident range[1]=674-675
ops=100000 avg_latency_us=5.68 total_majflt=1 total_minflt=35 first_query_latency_us=5130.34
resident SQLite pages after run:      1367/26331
after run resident-page distribution: count=1367 first=1 last=26331 first_1%=16 first_5%=18 first_10%=18
after run resident range[0]=1-16
after run resident range[1]=674-675
after run resident range[2]=24983-26331
